<?xml version="1.0" encoding="UTF-8"?>
<!-- Generated by org.testng.reporters.JUnitXMLReporter -->
<testsuite ignored="0" hostname="Ashishs-MacBook-Air.local" failures="0" tests="2" name="Default test" time="21.249" errors="0" timestamp="2025-02-25T17:21:38 IST">
  <testcase classname="com.comcast.crm.Orgtest1.CreateOrgTest" name="createOrgTest" time="3.725"/>
  <testcase classname="com.comcast.crm.Orgtest1.CreateOrgTest" name="createOrgwithPhone" time="4.185"/>
</testsuite> <!-- Default test -->
